<?xml version="1.0" encoding="UTF-8"?>
<!-- Generated by org.testng.reporters.JUnitXMLReporter -->
<testsuite hostname="Prashants-MacBook-Pro.local" ignored="0" name="Regression test" tests="10" failures="2" timestamp="06 Sep 2018 21:54:58 GMT" time="125.23" errors="0">
  <testcase name="OpenBranchSiteAndVerifyURL" time="11.415" classname="branch.Branch"/>
  <testcase name="ClickTeamLinkAtBottom" time="4.624" classname="branch.Branch"/>
  <testcase name="GetCategoryAndEmployeesList" time="7.234" classname="branch.Branch"/>
  <testcase name="VerifyEmployeeCount_FromCategoryTabsVsAllTab" time="10.475" classname="branch.Branch">
    <failure type="java.lang.AssertionError" message=" Employees count from All tab and Rest of the Tabs doesnt match expected [124] but found [119]">
      <![CDATA[java.lang.AssertionError:  Employees count from All tab and Rest of the Tabs doesnt match expected [124] but found [119]
at baseFunctions.BusinessLayer.VerifyEmployeeCount_FromAllTabVsCategoryTab(BusinessLayer.java:46)
at branch.Branch.VerifyEmployeeCount_FromCategoryTabsVsAllTab(Branch.java:102)
... Removed 34 stack frames]]>
    </failure>
  </testcase> <!-- VerifyEmployeeCount_FromCategoryTabsVsAllTab -->
  <testcase name="EmployeesMissingUnderCategories" time="3.404" classname="branch.Branch">
    <failure type="java.lang.AssertionError" message=" Employees details from All tab and Rest of the Tabs doesnt match expected [0] but found [5]">
      <![CDATA[java.lang.AssertionError:  Employees details from All tab and Rest of the Tabs doesnt match expected [0] but found [5]
at baseFunctions.BusinessLayer.ComparingEmployeesName_FromAllTabVsCategoryTab(BusinessLayer.java:79)
at branch.Branch.EmployeesMissingUnderCategories(Branch.java:109)
... Removed 34 stack frames]]>
    </failure>
  </testcase> <!-- EmployeesMissingUnderCategories -->
  <testcase name="ComparingCategoryNamesOfemployees" time="3.412" classname="branch.Branch"/>
  <testcase name="ClickAndVerifyLinkOfCategoryTabs" time="43.117" classname="branch.Branch"/>
  <testcase name="Print_CoFoundersNames" time="0.0" classname="branch.Branch"/>
  <testcase name="VerifyRequestDemoURL_FromDifferentScreens" time="30.673" classname="branch.Branch"/>
  <testcase name="NavigatingToHomePageByClickingCompanyLogo" time="8.581" classname="branch.Branch"/>
</testsuite> <!-- Regression test -->
